-------------------------------------------------------------------------------
Test set: com.sqa.github.RetrofitDemoTest
-------------------------------------------------------------------------------
Tests run: 9, Failures: 1, Errors: 0, Skipped: 0, Time elapsed: 6.059 s <<< FAILURE! - in com.sqa.github.RetrofitDemoTest
verifyIssuesAuthorized  Time elapsed: 0.755 s  <<< FAILURE!
org.opentest4j.AssertionFailedError: expected: <true> but was: <false>
	at com.sqa.github.RetrofitDemoTest.verifyIssuesAuthorized(RetrofitDemoTest.java:101)

