<?xml version="1.0" encoding="UTF-8"?>
<testsuite xmlns:xsi="http://www.w3.org/2001/XMLSchema-instance" xsi:noNamespaceSchemaLocation="https://maven.apache.org/surefire/maven-surefire-plugin/xsd/surefire-test-report.xsd" name="com.sqa.github.RestAssuredConfigurationDemoTests" time="0.504" tests="5" errors="0" skipped="0" failures="0">
  <properties>
[...]
</properties>
  <testcase name="verifyPostMap" classname="com.sqa.github.RestAssuredConfigurationDemoTests" time="0.012"/>
  <testcase name="verifyPostIssues" classname="com.sqa.github.RestAssuredConfigurationDemoTests" time="0"/>
  <testcase name="verifyIssuesAuthorized" classname="com.sqa.github.RestAssuredConfigurationDemoTests" time="0"/>
  <testcase name="verifyPostPojoWithJsonPath" classname="com.sqa.github.RestAssuredConfigurationDemoTests" time="0.001"/>
  <testcase name="verifyPostPojo" classname="com.sqa.github.RestAssuredConfigurationDemoTests" time="0.001"/>
</testsuite>